<?xml version='1.0' encoding='UTF-8'?>
<project>
    <actions/>
    <description></description>
    <keepDependencies>false</keepDependencies>
    <scm class="hudson.plugins.git.GitSCM" plugin="@SCM_GIT_PLUGIN_VERSION">
        <configVersion>2</configVersion>
        <userRemoteConfigs>
            <hudson.plugins.git.UserRemoteConfig>
                <url>@REPOSITORY_URL</url>
                <credentialsId>@REPOSITORY_ACCOUNT_ID</credentialsId>
            </hudson.plugins.git.UserRemoteConfig>
        </userRemoteConfigs>
        <branches>
            <hudson.plugins.git.BranchSpec>
                <name>*/@REPOSITORY_BRANCH</name>
            </hudson.plugins.git.BranchSpec>
        </branches>
        <doGenerateSubmoduleConfigurations>false</doGenerateSubmoduleConfigurations>
        <submoduleCfg class="list"/>
        <extensions/>
    </scm>
    <canRoam>true</canRoam>
    <disabled>false</disabled>
    <blockBuildWhenDownstreamBuilding>false</blockBuildWhenDownstreamBuilding>
    <blockBuildWhenUpstreamBuilding>false</blockBuildWhenUpstreamBuilding>
    <triggers/>
    <concurrentBuild>false</concurrentBuild>
    <builders>
        <hudson.tasks.Maven>
            <targets>clean test org.jacoco:jacoco-maven-plugin:prepare-agent install</targets>
            <mavenName>@MAVEN_NAME</mavenName>
            <usePrivateRepository>false</usePrivateRepository>
            <settings class="jenkins.mvn.DefaultSettingsProvider"/>
            <globalSettings class="jenkins.mvn.DefaultGlobalSettingsProvider"/>
            <injectBuildVariables>false</injectBuildVariables>
        </hudson.tasks.Maven>
        <hudson.plugins.sonar.SonarRunnerBuilder plugin="@SONAR_PLUGIN_VERSION">
            <installationName>@SONAR_NAME</installationName>
            <project></project>
            <properties>sonar.projectName=@INSPECTION_PROJECT_NAME
sonar.projectKey=@INSPECTION_PROJECT_KEY
sonar.projectVersion=1.0
sonar.sources=src
sonar.junit.reportsPath=target/surefire-reports
sonar.jacoco.reportPath=target/jacoco.exec
sonar.java.binaries=target/classes</properties>
            <javaOpts></javaOpts>
            <additionalArguments></additionalArguments>
            <jdk>(Inherit From Job)</jdk>
            <task></task>
        </hudson.plugins.sonar.SonarRunnerBuilder>
    </builders>
    <publishers/>
    <buildWrappers/>
</project>
