<?xml version='1.0' encoding='UTF-8'?>
<project>
    <actions/>
    <description></description>
    <keepDependencies>false</keepDependencies>
    <scm class="hudson.scm.SubversionSCM" plugin="@SVN_SCM_PLUGIN_VERSION">
        <locations>
            <hudson.scm.SubversionSCM_-ModuleLocation>
                <remote>@REPOSITORY_URL</remote>
                <credentialsId>@REPOSITORY_ACCOUNT_ID</credentialsId>
                <local>.</local>
                <depthOption>infinity</depthOption>
                <ignoreExternalsOption>true</ignoreExternalsOption>
            </hudson.scm.SubversionSCM_-ModuleLocation>
        </locations>
        <excludedRegions></excludedRegions>
        <includedRegions></includedRegions>
        <excludedUsers></excludedUsers>
        <excludedRevprop></excludedRevprop>
        <excludedCommitMessages></excludedCommitMessages>
        <workspaceUpdater class="hudson.scm.subversion.CheckoutUpdater"/>
        <ignoreDirPropChanges>false</ignoreDirPropChanges>
        <filterChangelog>false</filterChangelog>
    </scm>
    <canRoam>true</canRoam>
    <disabled>false</disabled>
    <blockBuildWhenDownstreamBuilding>false</blockBuildWhenDownstreamBuilding>
    <blockBuildWhenUpstreamBuilding>false</blockBuildWhenUpstreamBuilding>
    <triggers/>
    <concurrentBuild>false</concurrentBuild>
    <builders>
        <hudson.plugins.gradle.Gradle plugin="@GRADLE_PLUGIN_VERSION">
            <switches></switches>
            <tasks>test</tasks>
            <rootBuildScriptDir></rootBuildScriptDir>
            <buildFile></buildFile>
            <gradleName>@GRADLE_NAME</gradleName>
            <useWrapper>false</useWrapper>
            <makeExecutable>false</makeExecutable>
            <useWorkspaceAsHome>false</useWorkspaceAsHome>
            <wrapperLocation></wrapperLocation>
            <passAsProperties>false</passAsProperties>
        </hudson.plugins.gradle.Gradle>
        <hudson.plugins.sonar.SonarRunnerBuilder plugin="@SONAR_PLUGIN_VERSION">
            <installationName>@SONAR_NAME</installationName>
            <project></project>
            <properties>sonar.projectName=@INSPECTION_PROJECT_NAME
sonar.projectKey=@INSPECTION_PROJECT_KEY
sonar.projectVersion=1.0
sonar.sources=src/main/java
sonar.tests=src/test/java
sonar.scm.provider=git
sonar.svn.username=@SVN_USER_NAME
sonar.svn.password.secured=@SVN_USER_PASSWORD
sonar.junit.reportsPath=build/test-results/test
sonar.jacoco.reportPath=build/jacoco/jacoco-overall.exec
sonar.java.binaries=build/classes</properties>
            <javaOpts></javaOpts>
            <additionalArguments></additionalArguments>
            <jdk>(Inherit From Job)</jdk>
            <task></task>
        </hudson.plugins.sonar.SonarRunnerBuilder>
    </builders>
    <publishers/>
    <buildWrappers/>
</project>
