<?xml version='1.0' encoding='UTF-8'?>
<project>
    <actions/>
    <description></description>
    <keepDependencies>false</keepDependencies>
    <properties/>
    <scm class="hudson.scm.SubversionSCM" plugin="subversion@2.9">
        <locations>
            <hudson.scm.SubversionSCM_-ModuleLocation>
                <remote>@REPOSITORY_URL</remote>
                <credentialsId>@REPOSITORY_ACCOUNT_ID</credentialsId>
                <local>.</local>
                <depthOption>infinity</depthOption>
                <ignoreExternalsOption>true</ignoreExternalsOption>
            </hudson.scm.SubversionSCM_-ModuleLocation>
        </locations>
        <excludedRegions></excludedRegions>
        <includedRegions></includedRegions>
        <excludedUsers></excludedUsers>
        <excludedRevprop></excludedRevprop>
        <excludedCommitMessages></excludedCommitMessages>
        <workspaceUpdater class="hudson.scm.subversion.CheckoutUpdater"/>
        <ignoreDirPropChanges>false</ignoreDirPropChanges>
        <filterChangelog>false</filterChangelog>
    </scm>
    <canRoam>true</canRoam>
    <disabled>false</disabled>
    <blockBuildWhenDownstreamBuilding>false</blockBuildWhenDownstreamBuilding>
    <blockBuildWhenUpstreamBuilding>false</blockBuildWhenUpstreamBuilding>
    <triggers/>
    <concurrentBuild>false</concurrentBuild>
    <builders>
        <hudson.tasks.Shell>
            <command>
                @COMMAND_TEXT
            </command>
        </hudson.tasks.Shell>
    </builders>
    <publishers/>
    <buildWrappers/>
</project>